<?xml version="1.0" encoding="UTF-8"?>
<!-- Generated by org.testng.reporters.JUnitXMLReporter -->
<testsuite hostname="XB-20170118EDZN" name="Default test" tests="1" failures="1" timestamp="1 Mar 2020 12:34:21 GMT" time="25.625" errors="0">
  <testcase name="login" time="7.832" classname="meituan.testng">
    <failure type="org.openqa.selenium.InvalidSelectorException" message="java.lang.IllegalArgumentException: Unable to compile &amp;apos;//android.widget.FrameLayout[]/child::android.widget.TextView[@text=&amp;apos;优惠套餐&amp;apos;]&amp;apos;. See Cause. (WARNING: The server did not provide any stacktrace information)
Command duration or timeout: 79 milliseconds
For documentation on this error, please visit: http://seleniumhq.org/exceptions/invalid_selector_exception.html
Build info: version: &amp;apos;2.48.2&amp;apos;, revision: &amp;apos;41bccdd&amp;apos;, time: &amp;apos;2015-10-09 19:59:12&amp;apos;
System info: host: &amp;apos;XB-20170118EDZN&amp;apos;, ip: &amp;apos;192.168.1.102&amp;apos;, os.name: &amp;apos;Windows 7&amp;apos;, os.arch: &amp;apos;amd64&amp;apos;, os.version: &amp;apos;6.1&amp;apos;, java.version: &amp;apos;1.8.0_121&amp;apos;
Driver info: io.appium.java_client.android.AndroidDriver
Capabilities [{appPackage=com.sankuai.meituan, statBarHeight=48, noReset=true, viewportRect={top=48, left=0, width=720, height=1232}, deviceName=127.0.0.1:5555, platform=LINUX, deviceUDID=127.0.0.1:5555, desired={app=D:\Users\Administrator\auto test\group-1000060401_1-meituan.apk, appActivity=com.meituan.android.pt.homepage.activity.MainActivity, noReset=true, automationName=uiautomator2, platformName=Android, deviceName=127.0.0.1:5555}, platformVersion=7.1.2, webStorageEnabled=false, automationName=uiautomator2, takesScreenshot=true, javascriptEnabled=true, platformName=Android, deviceApiLevel=25, deviceManufacturer=vivo, app=D:\Users\Administrator\auto test\group-1000060401_1-meituan.apk, deviceScreenSize=720x1280, networkConnectionEnabled=true, warnings={}, databaseEnabled=false, appActivity=com.meituan.android.pt.homepage.activity.MainActivity, pixelRatio=2, locationContextEnabled=false, deviceScreenDensity=320, deviceModel=V1938T}]
Session ID: fe39ef54-073c-40eb-94bf-8dc0239dd871
*** Element info: {Using=xpath, value=//android.widget.FrameLayout[]/child::android.widget.TextView[@text=&amp;apos;优惠套餐&amp;apos;]}">
      <![CDATA[org.openqa.selenium.InvalidSelectorException: java.lang.IllegalArgumentException: Unable to compile '//android.widget.FrameLayout[]/child::android.widget.TextView[@text='优惠套餐']'. See Cause. (WARNING: The server did not provide any stacktrace information)
Command duration or timeout: 79 milliseconds
For documentation on this error, please visit: http://seleniumhq.org/exceptions/invalid_selector_exception.html
Build info: version: '2.48.2', revision: '41bccdd', time: '2015-10-09 19:59:12'
System info: host: 'XB-20170118EDZN', ip: '192.168.1.102', os.name: 'Windows 7', os.arch: 'amd64', os.version: '6.1', java.version: '1.8.0_121'
Driver info: io.appium.java_client.android.AndroidDriver
Capabilities [{appPackage=com.sankuai.meituan, statBarHeight=48, noReset=true, viewportRect={top=48, left=0, width=720, height=1232}, deviceName=127.0.0.1:5555, platform=LINUX, deviceUDID=127.0.0.1:5555, desired={app=D:\Users\Administrator\auto test\group-1000060401_1-meituan.apk, appActivity=com.meituan.android.pt.homepage.activity.MainActivity, noReset=true, automationName=uiautomator2, platformName=Android, deviceName=127.0.0.1:5555}, platformVersion=7.1.2, webStorageEnabled=false, automationName=uiautomator2, takesScreenshot=true, javascriptEnabled=true, platformName=Android, deviceApiLevel=25, deviceManufacturer=vivo, app=D:\Users\Administrator\auto test\group-1000060401_1-meituan.apk, deviceScreenSize=720x1280, networkConnectionEnabled=true, warnings={}, databaseEnabled=false, appActivity=com.meituan.android.pt.homepage.activity.MainActivity, pixelRatio=2, locationContextEnabled=false, deviceScreenDensity=320, deviceModel=V1938T}]
Session ID: fe39ef54-073c-40eb-94bf-8dc0239dd871
*** Element info: {Using=xpath, value=//android.widget.FrameLayout[]/child::android.widget.TextView[@text='优惠套餐']}
	at sun.reflect.NativeConstructorAccessorImpl.newInstance0(Native Method)
	at sun.reflect.NativeConstructorAccessorImpl.newInstance(Unknown Source)
	at sun.reflect.DelegatingConstructorAccessorImpl.newInstance(Unknown Source)
	at java.lang.reflect.Constructor.newInstance(Unknown Source)
	at org.openqa.selenium.remote.ErrorHandler.createThrowable(ErrorHandler.java:206)
	at org.openqa.selenium.remote.ErrorHandler.throwIfResponseFailed(ErrorHandler.java:158)
	at org.openqa.selenium.remote.RemoteWebDriver.execute(RemoteWebDriver.java:647)
	at io.appium.java_client.DefaultGenericMobileDriver.execute(DefaultGenericMobileDriver.java:40)
	at io.appium.java_client.AppiumDriver.execute(AppiumDriver.java:1)
	at io.appium.java_client.android.AndroidDriver.execute(AndroidDriver.java:1)
	at org.openqa.selenium.remote.RemoteWebDriver.findElement(RemoteWebDriver.java:353)
	at io.appium.java_client.DefaultGenericMobileDriver.findElement(DefaultGenericMobileDriver.java:56)
	at io.appium.java_client.AppiumDriver.findElement(AppiumDriver.java:1)
	at io.appium.java_client.android.AndroidDriver.findElement(AndroidDriver.java:1)
	at org.openqa.selenium.remote.RemoteWebDriver.findElementByXPath(RemoteWebDriver.java:490)
	at io.appium.java_client.DefaultGenericMobileDriver.findElementByXPath(DefaultGenericMobileDriver.java:134)
	at io.appium.java_client.AppiumDriver.findElementByXPath(AppiumDriver.java:1)
	at io.appium.java_client.android.AndroidDriver.findElementByXPath(AndroidDriver.java:1)
	at meituan.testng.login(testng.java:69)
	at sun.reflect.NativeMethodAccessorImpl.invoke0(Native Method)
	at sun.reflect.NativeMethodAccessorImpl.invoke(Unknown Source)
	at sun.reflect.DelegatingMethodAccessorImpl.invoke(Unknown Source)
	at java.lang.reflect.Method.invoke(Unknown Source)
	at org.testng.internal.MethodInvocationHelper.invokeMethod(MethodInvocationHelper.java:85)
	at org.testng.internal.Invoker.invokeMethod(Invoker.java:663)
	at org.testng.internal.Invoker.invokeTestMethod(Invoker.java:849)
	at org.testng.internal.Invoker.invokeTestMethods(Invoker.java:1157)
	at org.testng.internal.TestMethodWorker.invokeTestMethods(TestMethodWorker.java:124)
	at org.testng.internal.TestMethodWorker.run(TestMethodWorker.java:108)
	at org.testng.TestRunner.privateRun(TestRunner.java:771)
	at org.testng.TestRunner.run(TestRunner.java:621)
	at org.testng.SuiteRunner.runTest(SuiteRunner.java:357)
	at org.testng.SuiteRunner.runSequentially(SuiteRunner.java:352)
	at org.testng.SuiteRunner.privateRun(SuiteRunner.java:310)
	at org.testng.SuiteRunner.run(SuiteRunner.java:259)
	at org.testng.SuiteRunnerWorker.runSuite(SuiteRunnerWorker.java:52)
	at org.testng.SuiteRunnerWorker.run(SuiteRunnerWorker.java:86)
	at org.testng.TestNG.runSuitesSequentially(TestNG.java:1200)
	at org.testng.TestNG.runSuitesLocally(TestNG.java:1125)
	at org.testng.TestNG.run(TestNG.java:1033)
	at org.testng.remote.RemoteTestNG.run(RemoteTestNG.java:111)
	at org.testng.remote.RemoteTestNG.initAndRun(RemoteTestNG.java:204)
	at org.testng.remote.RemoteTestNG.main(RemoteTestNG.java:175)
]]>
    </failure>
  </testcase> <!-- login -->
</testsuite> <!-- Default test -->
